<?xml version="1.0" encoding="UTF-8"?>
<!-- Generated by org.testng.reporters.JUnitReportReporter -->
<testsuite skipped="0" hostname="DESKTOP-4ST96S8" name="exercise.uipath.Sample" tests="1" failures="0" timestamp="12 Oct 2019 09:50:07 GMT" time="18.295" errors="0">
  <testcase name="uipath" time="18.295" classname="exercise.uipath.Sample"/>
</testsuite> <!-- exercise.uipath.Sample -->
